<?xml version="1.0" encoding="UTF-8"?>
<!-- Generated by org.testng.reporters.JUnitReportReporter -->
<testsuite skipped="0" hostname="Admin-PC" name="test.LoginTest" tests="1" failures="0" timestamp="2020-05-10T22:27:28 IST" time="2.002" errors="0">
  <testcase name="login" time="2.002" classname="test.LoginTest"/>
  <system-out/>
</testsuite> <!-- test.LoginTest -->
