<?xml version="1.0" encoding="UTF-8"?>
<!-- Generated by org.testng.reporters.JUnitReportReporter -->
<testsuite skipped="0" hostname="Admin-PC" name="test.HomeTestDataprovider" tests="3" failures="0" timestamp="2020-05-12T23:02:34 IST" time="279.564" errors="0">
  <testcase name="home" time="178.947" classname="test.HomeTestDataprovider"/>
  <system-out/>
  <testcase name="home" time="23.226" classname="test.HomeTestDataprovider"/>
  <system-out/>
  <testcase name="home" time="77.391" classname="test.HomeTestDataprovider"/>
  <system-out/>
</testsuite> <!-- test.HomeTestDataprovider -->
