<?xml version="1.0" encoding="UTF-8"?>
<!-- Generated by org.testng.reporters.JUnitReportReporter -->
<testsuite skipped="0" hostname="Admin-PC" name="test.LoginTest" tests="2" failures="0" timestamp="2020-05-18T23:10:07 IST" time="0.591" errors="0">
  <testcase name="loginTestDetails" time="0.478" classname="test.LoginTest"/>
  <system-out/>
  <testcase name="loginValidationTest" time="0.113" classname="test.LoginTest"/>
  <system-out/>
</testsuite> <!-- test.LoginTest -->
